ffff8800b4ede340 1418622544 S Ci:6:002:0 s 80 06 0303 0409 0102 258 <
ffff8800b4ede340 1418623012 C Ci:6:002:0 0 26 = 1a033100 34003800 32003300 35003600 44003300 36003300 3000
ffff8807ef2ddb80 1418624762 S Ci:6:002:0 s 80 06 0304 0409 0102 258 <
ffff8807ef2ddb80 1418625009 C Ci:6:002:0 0 26 = 1a035500 39003200 2e003000 33005f00 42003000 30003200 3200
ffff8802f2458f40 1418634868 S Ci:6:002:0 s 80 06 0303 0409 0102 258 <
ffff8802f2458f40 1418636009 C Ci:6:002:0 0 26 = 1a033100 34003800 32003300 35003600 44003300 36003300 3000
ffff8800b4ede940 1418637360 S Ci:6:002:0 s 80 06 0304 0409 0102 258 <
ffff8800b4ede940 1418638009 C Ci:6:002:0 0 26 = 1a035500 39003200 2e003000 33005f00 42003000 30003200 3200
ffff88069b8674c0 1418643475 S Ci:6:002:0 s 80 06 0303 0409 0102 258 <
ffff88069b8674c0 1418644007 C Ci:6:002:0 0 26 = 1a033100 34003800 32003300 35003600 44003300 36003300 3000
ffff8805fe5f1280 1418646644 S Ci:6:002:0 s 80 06 0304 0409 0102 258 <
ffff8805fe5f1280 1418647006 C Ci:6:002:0 0 26 = 1a035500 39003200 2e003000 33005f00 42003000 30003200 3200
ffff8805fe5f1280 1418654244 S Ci:6:002:0 s 80 06 0303 0409 0102 258 <
ffff8805fe5f1280 1418655009 C Ci:6:002:0 0 26 = 1a033100 34003800 32003300 35003600 44003300 36003300 3000
ffff88069b8674c0 1418656486 S Ci:6:002:0 s 80 06 0304 0409 0102 258 <
ffff88069b8674c0 1418657009 C Ci:6:002:0 0 26 = 1a035500 39003200 2e003000 33005f00 42003000 30003200 3200
ffff88060a390d00 1418664669 S Ci:6:002:0 s 80 06 0303 0409 0102 258 <
ffff88060a390d00 1418665006 C Ci:6:002:0 0 26 = 1a033100 34003800 32003300 35003600 44003300 36003300 3000
ffff8805fe5f1280 1418666486 S Ci:6:002:0 s 80 06 0304 0409 0102 258 <
ffff8805fe5f1280 1418667007 C Ci:6:002:0 0 26 = 1a035500 39003200 2e003000 33005f00 42003000 30003200 3200
ffff8807e84931c0 1418689567 S Ci:6:002:0 s 80 06 0302 0409 00fe 254 <
ffff8807e84931c0 1418690009 C Ci:6:002:0 0 42 = 2a034700 61006d00 69006e00 67002000 4b006500 79006200 6f006100 72006400
ffff8807ef2dd040 1418694160 S Ci:6:002:0 s 80 06 0302 0409 00fe 254 <
ffff8807ef2dd040 1418695005 C Ci:6:002:0 0 42 = 2a034700 61006d00 69006e00 67002000 4b006500 79006200 6f006100 72006400
ffff880600f1bd00 1418704758 S Co:6:002:0 s 21 09 0211 0001 0014 20 = 11ff001c 00000000 00000000 00000000 00000000
ffff880600f1bd00 1418705006 C Co:6:002:0 0 20 >
ffff88080b15fa00 1418708007 C Ii:6:002:2 0:1 20 = 11ff001c 04020000 00000000 00000000 00000000
ffff8807ef2ddb80 1418708444 S Ii:6:002:2 -115:1 64 <
ffff8807ef2ddac0 1418714321 S Co:6:002:0 s 21 09 0211 0001 0014 20 = 11ff001c 00003900 00000000 00000000 00000000
ffff8807ef2ddac0 1418715009 C Co:6:002:0 0 20 >
ffff8807ef2ddb80 1418718005 C Ii:6:002:2 0:1 20 = 11ff001c 04023900 00000000 00000000 00000000
ffff8800b4ede340 1418718246 S Ii:6:002:2 -115:1 64 <
ffff880382a87700 1418719441 S Co:6:002:0 s 21 09 0211 0001 0014 20 = 11ff000c 00030000 00000000 00000000 00000000
ffff880382a87700 1418720006 C Co:6:002:0 0 20 >
ffff8800b4ede340 1418723005 C Ii:6:002:2 0:1 20 = 11ff000c 02000100 00000000 00000000 00000000
ffff880382a87400 1418723341 S Ii:6:002:2 -115:1 64 <
ffff880382a871c0 1418730542 S Co:6:002:0 s 21 09 0211 0001 0014 20 = 11ff020c 00000000 00000000 00000000 00000000
ffff880382a871c0 1418731013 C Co:6:002:0 0 20 >
ffff880382a87400 1418734009 C Ii:6:002:2 0:1 20 = 11ff020c 02313547 140008c3 2b000000 00000000
ffff880382a87700 1418734198 S Ii:6:002:2 -115:1 64 <
ffff8805fe5f1280 1418735250 S Co:6:002:0 s 21 09 0211 0001 0014 20 = 11ff021c 00000000 00000000 00000000 00000000
ffff8805fe5f1280 1418736006 C Co:6:002:0 0 20 >
ffff880382a87700 1418739006 C Ii:6:002:2 0:1 20 = 11ff021c 00552020 92030022 01c32b00 00000000
ffff88060a390d00 1418739176 S Ii:6:002:2 -115:1 64 <
ffff88069b8674c0 1418740249 S Co:6:002:0 s 21 09 0211 0001 0014 20 = 11ff000c 00050000 00000000 00000000 00000000
ffff88069b8674c0 1418741008 C Co:6:002:0 0 20 >
ffff88060a390d00 1418744005 C Ii:6:002:2 0:1 20 = 11ff000c 04000000 00000000 00000000 00000000
ffff8800b4ede940 1418744176 S Ii:6:002:2 -115:1 64 <
ffff8802f2458f40 1418745247 S Co:6:002:0 s 21 09 0211 0001 0014 20 = 11ff042c 00000000 00000000 00000000 00000000
ffff8802f2458f40 1418746006 C Co:6:002:0 0 20 >
ffff8800b4ede940 1418749004 C Ii:6:002:2 0:1 20 = 11ff042c 00000000 00000000 00000000 00000000
ffff8803675b4400 1418749208 S Ii:6:002:2 -115:1 64 <
ffff88074401fdc0 1418751371 S Co:6:002:0 s 21 09 0211 0001 0014 20 = 11ff000c 10010000 00000000 00000000 00000000
ffff88074401fdc0 1418752009 C Co:6:002:0 0 20 >
ffff8803675b4400 1418755003 C Ii:6:002:2 0:1 20 = 11ff000c 00000000 00000000 00000000 00000000
ffff8803675b4400 1418755176 S Ii:6:002:2 -115:1 64 <
ffff88074401fdc0 1418756251 S Co:6:002:0 s 21 09 0211 0001 0014 20 = 11ff000c 1f200000 00000000 00000000 00000000
ffff88074401fdc0 1418757007 C Co:6:002:0 0 20 >
ffff8803675b4400 1418760005 C Ii:6:002:2 0:1 20 = 11ff000c 00000000 00000000 00000000 00000000
ffff8807b6b50a00 1418760172 S Ii:6:002:2 -115:1 64 <
ffff8807ef2dd880 1418769510 S Co:6:002:0 s 21 09 0211 0001 0014 20 = 11ff040c 00000000 00000000 00000000 00000000
ffff8807ef2dd880 1418770006 C Co:6:002:0 0 20 >
ffff8807b6b50a00 1418773004 C Ii:6:002:2 0:1 20 = 11ff040c 10000000 00000000 00000000 00000000
ffff880382a87f40 1418773204 S Ii:6:002:2 -115:1 64 <
ffff8807ef2dddc0 1418774436 S Co:6:002:0 s 21 09 0211 0001 0014 20 = 11ff041c 00000000 00000000 00000000 00000000
ffff8807ef2dddc0 1418775005 C Co:6:002:0 0 20 >
ffff880382a87f40 1418778005 C Ii:6:002:2 0:1 20 = 11ff041c 47393130 204f7269 6f6e2053 7061726b
ffff880809711f40 1418778415 S Ii:6:002:2 -115:1 64 <
ffff88080a3e5940 1418786779 S Co:6:002:0 s 21 09 0211 0001 0014 20 = 11ff000c 13000000 00000000 00000000 00000000
ffff88080a3e5940 1418787005 C Co:6:002:0 0 20 >
ffff880809711f40 1418790006 C Ii:6:002:2 0:1 20 = 11ff000c 00000000 00000000 00000000 00000000
ffff88080cc98280 1418790793 S Ii:6:002:2 -115:1 64 <
ffff88080bab7700 1418792829 S Co:6:002:0 s 21 09 0211 0001 0014 20 = 11ff000c 80100000 00000000 00000000 00000000
ffff88080bab7700 1418793004 C Co:6:002:0 0 20 >
ffff88080cc98280 1418796006 C Ii:6:002:2 0:1 20 = 11ff000c 08000000 00000000 00000000 00000000
ffff880809711f40 1418796577 S Ii:6:002:2 -115:1 64 <
ffff88080a3e5940 1418797666 S Co:6:002:0 s 21 09 0211 0001 0014 20 = 11ff080c 00000000 00000000 00000000 00000000
ffff88080a3e5940 1418798006 C Co:6:002:0 0 20 >
ffff880809711f40 1418801005 C Ii:6:002:2 0:1 20 = 11ff080c 09000000 00000000 00000000 00000000
ffff880382a87f40 1418801930 S Ii:6:002:2 -115:1 64 <
ffff8807ef2dddc0 1418803809 S Co:6:002:0 s 21 09 0211 0001 0014 20 = 11ff082c 01000000 00000000 00000000 00000000
ffff8807ef2dddc0 1418804004 C Co:6:002:0 0 20 >
ffff8802f29a4640 1418807004 C Ii:6:002:1 0:1 8 = 00000000 00000000
ffff880382a87f40 1418807012 C Ii:6:002:2 0:1 21 = 01000000 00000000 00000000 00000000 00000000 00
ffff8807b6b50a00 1418807362 S Ii:6:002:1 -115:1 8 <
ffff8807ef2dd880 1418807378 S Ii:6:002:2 -115:1 64 <
ffff8807ef2dd880 1418809002 C Ii:6:002:2 0:1 2 = 0200
ffff8803675b4400 1418809542 S Ii:6:002:2 -115:1 64 <
ffff8803675b4400 1418811003 C Ii:6:002:2 0:1 20 = 11ff0800 00000000 00000000 00000000 00000000
ffff88074401fdc0 1418811580 S Ii:6:002:2 -115:1 64 <
ffff88074401fdc0 1418813003 C Ii:6:002:2 0:1 20 = 11ff082c 01000000 00000000 00000000 00000000
ffff8800b4ede940 1418813644 S Ii:6:002:2 -115:1 64 <
ffff8802f2458f40 1418814740 S Co:6:002:0 s 21 09 0211 0001 0014 20 = 11ff000c 80200000 00000000 00000000 00000000
ffff8800b4ede940 1418815003 C Ii:6:002:2 0:1 20 = 11ff0900 00000000 00000000 00000000 00000000
ffff8802f2458f40 1418815010 C Co:6:002:0 0 20 >
ffff88060a390d00 1418815448 S Ii:6:002:2 -115:1 64 <
ffff88060a390d00 1418817002 C Ii:6:002:2 0:1 20 = 11ff0a00 00000000 00000000 00000000 00000000
ffff88069b8674c0 1418817511 S Ii:6:002:2 -115:1 64 <
ffff88069b8674c0 1418819005 C Ii:6:002:2 0:1 20 = 11ff000c 09000000 00000000 00000000 00000000
ffff880382a87700 1418819506 S Ii:6:002:2 -115:1 64 <
ffff8805fe5f1280 1418820587 S Co:6:002:0 s 21 09 0211 0001 0014 20 = 11ff000c 80300000 00000000 00000000 00000000
ffff8805fe5f1280 1418821005 C Co:6:002:0 0 20 >
ffff880382a87700 1418824003 C Ii:6:002:2 0:1 20 = 11ff000c 0a000000 00000000 00000000 00000000
ffff880382a87400 1418824582 S Ii:6:002:2 -115:1 64 <
ffff880382a871c0 1418825661 S Co:6:002:0 s 21 09 0211 0001 0014 20 = 11ff000c 1bc00000 00000000 00000000 00000000
ffff880382a871c0 1418826006 C Co:6:002:0 0 20 >
ffff880382a87400 1418829004 C Ii:6:002:2 0:1 20 = 11ff000c 00000000 00000000 00000000 00000000
ffff8800b4ede340 1418829507 S Ii:6:002:2 -115:1 64 <
ffff8803675b4ac0 1418833649 S Co:6:002:0 s 21 09 0211 0001 0014 20 = 11ff091c 01000000 00000000 00000000 00000000
ffff8803675b4ac0 1418834007 C Co:6:002:0 0 20 >
ffff8800b4ede340 1418837007 C Ii:6:002:2 0:1 20 = 11ff091c 01000000 00000000 00000000 00000000
ffff880647d6b640 1418837683 S Ii:6:002:2 -115:1 64 <
ffff880647d6b280 1418838709 S Co:6:002:0 s 21 09 0211 0001 0014 20 = 11ff0a0c 00000000 00000000 00000000 00000000
ffff880647d6b280 1418839008 C Co:6:002:0 0 20 >
ffff880647d6b640 1418842005 C Ii:6:002:2 0:1 20 = 11ff0a0c 00000000 00000000 00000000 00000000
ffff880809711340 1418842554 S Ii:6:002:2 -115:1 64 <
ffff8806ab677dc0 1418843644 S Co:6:002:0 s 21 09 0211 0001 0014 20 = 11ff000c 80700000 00000000 00000000 00000000
ffff8806ab677dc0 1418844006 C Co:6:002:0 0 20 >
ffff880809711340 1418847005 C Ii:6:002:2 0:1 20 = 11ff000c 10000300 00000000 00000000 00000000
ffff8806ab677a00 1418847653 S Ii:6:002:2 -115:1 64 <
ffff8807e84937c0 1418848788 S Co:6:002:0 s 21 09 0211 0001 0014 20 = 11ff100c 00000000 00000000 00000000 00000000
ffff8807e84937c0 1418849004 C Co:6:002:0 0 20 >
ffff8806ab677a00 1418852005 C Ii:6:002:2 0:1 20 = 11ff100c 02000100 00000000 00000000 00000000
ffff88080b0764c0 1418852468 S Ii:6:002:2 -115:1 64 <
ffff88060bcd7c40 1418855019 S Co:6:002:0 s 21 09 0211 0001 0014 20 = 11ff101c 00000000 00000000 00000000 00000000
ffff88060bcd7c40 1418856007 C Co:6:002:0 0 20 >
ffff88080b0764c0 1418858003 C Ii:6:002:2 0:1 20 = 11ff101c 00000106 00000000 00000000 00000000
ffff8807ef2ddb80 1418858562 S Ii:6:002:2 -115:1 64 <
ffff8807ef2ddac0 1418859637 S Co:6:002:0 s 21 09 0211 0001 0014 20 = 11ff102c 00000000 00000000 00000000 00000000
ffff8807ef2ddac0 1418860005 C Co:6:002:0 0 20 >
ffff8807ef2ddb80 1418863003 C Ii:6:002:2 0:1 20 = 11ff102c 00000000 00000000 00000000 00000000
ffff88080b15fa00 1418863458 S Ii:6:002:2 -115:1 64 <
ffff880600f1bd00 1418864522 S Co:6:002:0 s 21 09 0211 0001 0014 20 = 11ff102c 00010000 00000000 00000000 00000000
ffff880600f1bd00 1418865006 C Co:6:002:0 0 20 >
ffff88080b15fa00 1418868004 C Ii:6:002:2 0:1 20 = 11ff102c 00010001 00050000 00000000 00000000
ffff8807ef2dd040 1418868524 S Ii:6:002:2 -115:1 64 <
ffff8807e84931c0 1418869619 S Co:6:002:0 s 21 09 0211 0001 0014 20 = 11ff102c 00020000 00000000 00000000 00000000
ffff8807e84931c0 1418870004 C Co:6:002:0 0 20 >
ffff8807ef2dd040 1418873008 C Ii:6:002:2 0:1 20 = 11ff102c 0002000a c00103e0 00000000 00000000
ffff8803a02ef940 1418876396 S Ii:6:002:2 -115:1 64 <
ffff8806ab6777c0 1418878802 S Co:6:002:0 s 21 09 0211 0001 0014 20 = 11ff102c 00030000 00000000 00000000 00000000
ffff8806ab6777c0 1418880004 C Co:6:002:0 0 20 >
ffff8803a02ef940 1418882005 C Ii:6:002:2 0:1 20 = 11ff102c 00030003 c00103e0 00000000 00000000
ffff88064a199f40 1418882540 S Ii:6:002:2 -115:1 64 <
ffff8803675b4d00 1418883550 S Co:6:002:0 s 21 09 0211 0001 0014 20 = 11ff102c 00040000 00000000 00000000 00000000
ffff8803675b4d00 1418884006 C Co:6:002:0 0 20 >
ffff88064a199f40 1418887005 C Ii:6:002:2 0:1 20 = 11ff102c 00040004 dce1001e 00000000 00000000
ffff8805315657c0 1418887405 S Ii:6:002:2 -115:1 64 <
ffff8803a02efac0 1418888469 S Co:6:002:0 s 21 09 0211 0001 0014 20 = 11ff102c 00050000 00000000 00000000 00000000
ffff8803a02efac0 1418889004 C Co:6:002:0 0 20 >
ffff8805315657c0 1418892006 C Ii:6:002:2 0:1 20 = 11ff102c 00050005 00000000 00000000 00000000
ffff88080961a280 1418892521 S Ii:6:002:2 -115:1 64 <
ffff88080a0bd280 1418893597 S Co:6:002:0 s 21 09 0211 0001 0014 20 = 11ff101c 01000000 00000000 00000000 00000000
ffff88080a0bd280 1418894006 C Co:6:002:0 0 20 >
ffff88080961a280 1418897006 C Ii:6:002:2 0:1 20 = 11ff101c 01000204 00000000 00000000 00000000
ffff88080c8da880 1418897605 S Ii:6:002:2 -115:1 64 <
ffff880809d67b80 1418898776 S Co:6:002:0 s 21 09 0211 0001 0014 20 = 11ff102c 01000000 00000000 00000000 00000000
ffff880809d67b80 1418899005 C Co:6:002:0 0 20 >
ffff88080c8da880 1418902004 C Ii:6:002:2 0:1 20 = 11ff102c 01000000 00000000 00000000 00000000
ffff880382a87e80 1418902506 S Ii:6:002:2 -115:1 64 <
ffff880382a87940 1418903638 S Co:6:002:0 s 21 09 0211 0001 0014 20 = 11ff102c 01010000 00000000 00000000 00000000
ffff880382a87940 1418904004 C Co:6:002:0 0 20 >
ffff880382a87e80 1418907003 C Ii:6:002:2 0:1 20 = 11ff102c 01010001 00050000 00000000 00000000
ffff880382a87580 1418907571 S Ii:6:002:2 -115:1 64 <
ffff880382a87040 1418908684 S Co:6:002:0 s 21 09 0211 0001 0014 20 = 11ff102c 01020000 00000000 00000000 00000000
ffff880382a87040 1418909007 C Co:6:002:0 0 20 >
ffff880382a87580 1418912005 C Ii:6:002:2 0:1 20 = 11ff102c 0102000a c00103e0 00000000 00000000
ffff880382a87280 1418912480 S Ii:6:002:2 -115:1 64 <
ffff880382a874c0 1418913544 S Co:6:002:0 s 21 09 0211 0001 0014 20 = 11ff102c 01030000 00000000 00000000 00000000
ffff880382a874c0 1418914007 C Co:6:002:0 0 20 >
ffff880382a87280 1418917004 C Ii:6:002:2 0:1 20 = 11ff102c 01030003 c00103e0 00000000 00000000
ffff880382a87d00 1418917525 S Ii:6:002:2 -115:1 64 <
ffff880382a87640 1418918636 S Co:6:002:0 s 21 09 0211 0001 0014 20 = 11ff000c 80700000 00000000 00000000 00000000
ffff880382a87640 1418919015 C Co:6:002:0 0 20 >
ffff880382a87d00 1418922012 C Ii:6:002:2 0:1 20 = 11ff000c 10000300 00000000 00000000 00000000
ffff880382a87c40 1418922439 S Ii:6:002:2 -115:1 64 <
ffff88069525c1c0 1418923507 S Co:6:002:0 s 21 09 0211 0001 0014 20 = 11ff000c 80800000 00000000 00000000 00000000
ffff88069525c1c0 1418924005 C Co:6:002:0 0 20 >
ffff880382a87c40 1418927003 C Ii:6:002:2 0:1 20 = 11ff000c 0f000000 00000000 00000000 00000000
ffff88069525c7c0 1418927498 S Ii:6:002:2 -115:1 64 <
ffff88069525cf40 1418928540 S Co:6:002:0 s 21 09 0211 0001 0014 20 = 11ff0f0c 00000000 00000000 00000000 00000000
ffff88069525cf40 1418929013 C Co:6:002:0 0 20 >
ffff88069525c7c0 1418932003 C Ii:6:002:2 0:1 20 = 11ff0f0c 00170000 01000000 00000000 00000000
ffff88073ab6e280 1418932564 S Ii:6:002:2 -115:1 64 <
ffff88080a46e280 1418933659 S Co:6:002:0 s 21 09 0211 0001 0014 20 = 11ff100c 00000000 00000000 00000000 00000000
ffff88080a46e280 1418934007 C Co:6:002:0 0 20 >
ffff88073ab6e280 1418937003 C Ii:6:002:2 0:1 20 = 11ff100c 02000100 00000000 00000000 00000000
ffff8805feabe880 1418937460 S Ii:6:002:2 -115:1 64 <
ffff8806ab677340 1418945874 S Co:6:002:0 s 21 09 0211 0001 0014 20 = 11ff100c 00000000 00000000 00000000 00000000
ffff8806ab677340 1418947006 C Co:6:002:0 0 20 >
ffff8805feabe880 1418949002 C Ii:6:002:2 0:1 20 = 11ff100c 02000100 00000000 00000000 00000000
ffff8806ab677640 1418949833 S Ii:6:002:2 -115:1 64 <
ffff880609c77b80 1418951692 S Co:6:002:0 s 21 09 0211 0001 0014 20 = 11ff101c 00000000 00000000 00000000 00000000
ffff880609c77b80 1418952005 C Co:6:002:0 0 20 >
ffff8806ab677640 1418955003 C Ii:6:002:2 0:1 20 = 11ff101c 00000106 00000000 00000000 00000000
ffff8807c7a93640 1418955727 S Ii:6:002:2 -115:1 64 <
ffff880609c77100 1418957505 S Co:6:002:0 s 21 09 0211 0001 0014 20 = 11ff102c 00000000 00000000 00000000 00000000
ffff880609c77100 1418958008 C Co:6:002:0 0 20 >
ffff8807c7a93640 1418961006 C Ii:6:002:2 0:1 20 = 11ff102c 00000000 00000000 00000000 00000000
ffff88080a67f700 1418961909 S Ii:6:002:2 -115:1 64 <
ffff8806ab677400 1418964295 S Co:6:002:0 s 21 09 0211 0001 0014 20 = 11ff102c 00010000 00000000 00000000 00000000
ffff8806ab677400 1418965004 C Co:6:002:0 0 20 >
ffff88080a67f700 1418968002 C Ii:6:002:2 0:1 20 = 11ff102c 00010001 00050000 00000000 00000000
ffff88080a67fac0 1418968534 S Ii:6:002:2 -115:1 64 <
ffff880809fd0b80 1418969592 S Co:6:002:0 s 21 09 0211 0001 0014 20 = 11ff102c 00020000 00000000 00000000 00000000
ffff880809fd0b80 1418970008 C Co:6:002:0 0 20 >
ffff88080a67fac0 1418973003 C Ii:6:002:2 0:1 20 = 11ff102c 0002000a c00103e0 00000000 00000000
ffff8805feabe040 1418973454 S Ii:6:002:2 -115:1 64 <
ffff8805feabed00 1418974490 S Co:6:002:0 s 21 09 0211 0001 0014 20 = 11ff102c 00030000 00000000 00000000 00000000
ffff8805feabed00 1418975004 C Co:6:002:0 0 20 >
ffff8805feabe040 1418978002 C Ii:6:002:2 0:1 20 = 11ff102c 00030003 c00103e0 00000000 00000000
ffff88080b15fc40 1418978612 S Ii:6:002:2 -115:1 64 <
ffff88080b15f7c0 1418980191 S Co:6:002:0 s 21 09 0211 0001 0014 20 = 11ff102c 00040000 00000000 00000000 00000000
ffff88080b15f7c0 1418981002 C Co:6:002:0 0 20 >
ffff88080b15fc40 1418984004 C Ii:6:002:2 0:1 20 = 11ff102c 00040004 dce1001e 00000000 00000000
ffff8803675b4b80 1418984521 S Ii:6:002:2 -115:1 64 <
ffff8803675b4640 1418985709 S Co:6:002:0 s 21 09 0211 0001 0014 20 = 11ff102c 00050000 00000000 00000000 00000000
ffff8803675b4640 1418986007 C Co:6:002:0 0 20 >
ffff8803675b4b80 1418989002 C Ii:6:002:2 0:1 20 = 11ff102c 00050005 00000000 00000000 00000000
ffff8803675b4880 1418989532 S Ii:6:002:2 -115:1 64 <
ffff8803675b4340 1418990618 S Co:6:002:0 s 21 09 0211 0001 0014 20 = 11ff101c 01000000 00000000 00000000 00000000
ffff8803675b4340 1418991002 C Co:6:002:0 0 20 >
ffff8803675b4880 1418994002 C Ii:6:002:2 0:1 20 = 11ff101c 01000204 00000000 00000000 00000000
ffff8803675b4700 1418994427 S Ii:6:002:2 -115:1 64 <
ffff8803675b4280 1418995526 S Co:6:002:0 s 21 09 0211 0001 0014 20 = 11ff102c 01000000 00000000 00000000 00000000
ffff8803675b4280 1418996000 C Co:6:002:0 0 20 >
ffff8803675b4700 1418999002 C Ii:6:002:2 0:1 20 = 11ff102c 01000000 00000000 00000000 00000000
ffff8803675b4a00 1418999724 S Ii:6:002:2 -115:1 64 <
ffff8803675b44c0 1419000725 S Co:6:002:0 s 21 09 0211 0001 0014 20 = 11ff102c 01010000 00000000 00000000 00000000
ffff8803675b44c0 1419001003 C Co:6:002:0 0 20 >
ffff8803675b4a00 1419004000 C Ii:6:002:2 0:1 20 = 11ff102c 01010001 00050000 00000000 00000000
ffff8803675b41c0 1419004578 S Ii:6:002:2 -115:1 64 <
ffff880600f1bf40 1419005682 S Co:6:002:0 s 21 09 0211 0001 0014 20 = 11ff102c 01020000 00000000 00000000 00000000
ffff880600f1bf40 1419006001 C Co:6:002:0 0 20 >
ffff8803675b41c0 1419009001 C Ii:6:002:2 0:1 20 = 11ff102c 0102000a c00103e0 00000000 00000000
ffff880600f1ba00 1419009473 S Ii:6:002:2 -115:1 64 <
ffff88073c943d00 1419010562 S Co:6:002:0 s 21 09 0211 0001 0014 20 = 11ff102c 01030000 00000000 00000000 00000000
ffff88073c943d00 1419011002 C Co:6:002:0 0 20 >
ffff880600f1ba00 1419014003 C Ii:6:002:2 0:1 20 = 11ff102c 01030003 c00103e0 00000000 00000000
ffff88073c943c40 1419014609 S Ii:6:002:2 -115:1 64 <
ffff88073c943880 1419022562 S Co:6:002:0 s 21 09 0211 0001 0014 20 = 11ff0f0c 00000000 00000000 00000000 00000000
ffff88073c943880 1419023005 C Co:6:002:0 0 20 >
ffff88073c943c40 1419026000 C Ii:6:002:2 0:1 20 = 11ff0f0c 00170000 01000000 00000000 00000000
ffff8805f1c12ac0 1419026544 S Ii:6:002:2 -115:1 64 <
ffff88080a2afc40 1419027616 S Co:6:002:0 s 21 09 0211 0001 0014 20 = 11ff0f1c 00010000 00000000 00000000 00000000
ffff88080a2afc40 1419027998 C Co:6:002:0 0 20 >
ffff8805f1c12ac0 1419030998 C Ii:6:002:2 0:1 20 = 11ff0f1c 0068ffff ff000000 00000000 00000000
ffff88080a2af040 1419031432 S Ii:6:002:2 -115:1 64 <
ffff88080a2af880 1419032510 S Co:6:002:0 s 21 09 0211 0001 0014 20 = 11ff0f2c 00010000 00000000 00000000 00000000
ffff88080a2af880 1419033001 C Co:6:002:0 0 20 >
ffff88080a2af040 1419035998 C Ii:6:002:2 0:1 64 = 12ff0f2c 00010000 04ff0000 05ff8000 06ff8000 07ff0000 08ff8000 09ff8000
ffff88080a2af4c0 1419036512 S Ii:6:002:2 -115:1 64 <
ffff8807c7a93dc0 1419037576 S Co:6:002:0 s 21 09 0211 0001 0014 20 = 11ff0f2c 0001000e 00000000 00000000 00000000
ffff8807c7a93dc0 1419037998 C Co:6:002:0 0 20 >
ffff88080a2af4c0 1419041003 C Ii:6:002:2 0:1 64 = 12ff0f2c 0001000e 12ff8000 13ff8000 14ff8000 15ff8000 16ff0000 17ff8000
ffff8807c7a93400 1419041580 S Ii:6:002:2 -115:1 64 <
ffff880809640d00 1419042711 S Co:6:002:0 s 21 09 0211 0001 0014 20 = 11ff0f2c 0001001c 00000000 00000000 00000000
ffff880809640d00 1419043005 C Co:6:002:0 0 20 >
ffff8807c7a93400 1419046003 C Ii:6:002:2 0:1 64 = 12ff0f2c 0001001c 20ffff00 21ffff00 22ffff00 23ffff00 24ffff00 25ffff00
ffff88080da911c0 1419046489 S Ii:6:002:2 -115:1 64 <
ffff88080da91f40 1419047560 S Co:6:002:0 s 21 09 0211 0001 0014 20 = 11ff0f2c 0001002a 00000000 00000000 00000000
ffff88080da91f40 1419048003 C Co:6:002:0 0 20 >
ffff88080da911c0 1419051006 C Ii:6:002:2 0:1 64 = 12ff0f2c 0001002a 2e00ffae 2f00ffae 3000ffae 3100ffae 32000000 3300ffae
ffff88069b867640 1419051546 S Ii:6:002:2 -115:1 64 <
ffff88069b867d00 1419054734 S Co:6:002:0 s 21 09 0211 0001 0014 20 = 11ff0f2c 00010038 00000000 00000000 00000000
ffff88069b867d00 1419055006 C Co:6:002:0 0 20 >
ffff88069b867640 1419058003 C Ii:6:002:2 0:1 64 = 12ff0f2c 00010038 3cff00bb 3dff00bb 3eff00bb 3fff00bb 40ff00bb 41ff00bb
ffff88069b867280 1419058476 S Ii:6:002:2 -115:1 64 <
ffff88069b867580 1419062744 S Co:6:002:0 s 21 09 0211 0001 0014 20 = 11ff0f2c 00010046 00000000 00000000 00000000
ffff88069b867580 1419063005 C Co:6:002:0 0 20 >
ffff88069b867280 1419066005 C Ii:6:002:2 0:1 64 = 12ff0f2c 00010046 4aea00ff 4bff0000 4cff8187 4dea00ff 4eff0000 4f0000ff
ffff8806ab6771c0 1419066405 S Ii:6:002:2 -115:1 64 <
ffff88074439f100 1419067458 S Co:6:002:0 s 21 09 0211 0001 0014 20 = 11ff0f2c 00010054 00000000 00000000 00000000
ffff88074439f100 1419068005 C Co:6:002:0 0 20 >
ffff8806ab6771c0 1419071001 C Ii:6:002:2 0:1 64 = 12ff0f2c 00010054 5880f8a0 5980f8a0 5a80f8a0 5b80f8a0 5c80f8a0 5d80f8a0
ffff88074439f280 1419071460 S Ii:6:002:2 -115:1 64 <
ffff8807ef2dd7c0 1419072525 S Co:6:002:0 s 21 09 0211 0001 0014 20 = 11ff0f2c 00010062 00000000 00000000 00000000
ffff8807ef2dd7c0 1419073002 C Co:6:002:0 0 20 >
ffff88074439f280 1419076000 C Ii:6:002:2 0:1 64 = 12ff0f2c 00010062 87000000 8800ff00 89000000 8a000000 8b000000 e000ff00
ffff8807ef2dd100 1419076522 S Ii:6:002:2 -115:1 64 <
ffff8807ef2dd4c0 1419077754 S Co:6:002:0 s 21 09 0211 0001 0014 20 = 11ff0f1c 00020000 00000000 00000000 00000000
ffff8807ef2dd4c0 1419078001 C Co:6:002:0 0 20 >
ffff8807ef2dd100 1419081004 C Ii:6:002:2 0:1 20 = 11ff0f1c 00050100 00000000 00000000 00000000
ffff8807ef2dd700 1419081416 S Ii:6:002:2 -115:1 64 <
ffff8807ef2dddc0 1419083471 S Co:6:002:0 s 21 09 0211 0001 0014 20 = 11ff0f2c 00020000 00000000 00000000 00000000
ffff8807ef2dddc0 1419084003 C Co:6:002:0 0 20 >
ffff8807ef2dd700 1419087001 C Ii:6:002:2 0:1 64 = 12ff0f2c 00020000 00000000 00000000 00000000 00000000 00000000 00000000
ffff880809711f40 1419087513 S Ii:6:002:2 -115:1 64 <
ffff88080a3e5940 1419088589 S Co:6:002:0 s 21 09 0211 0001 0014 20 = 11ff0f1c 00040000 00000000 00000000 00000000
ffff88080a3e5940 1419089005 C Co:6:002:0 0 20 >
ffff880809711f40 1419092003 C Ii:6:002:2 0:1 20 = 11ff0f1c 0009ffff ff000000 00000000 00000000
ffff88080cc98280 1419092399 S Ii:6:002:2 -115:1 64 <
ffff88080bab7700 1419093471 S Co:6:002:0 s 21 09 0211 0001 0014 20 = 11ff0f2c 00040000 00000000 00000000 00000000
ffff88080bab7700 1419094003 C Co:6:002:0 0 20 >
ffff88080cc98280 1419097002 C Ii:6:002:2 0:1 64 = 12ff0f2c 00040000 01ffffff 02ffffff 03ffffff 04ffffff 05ffffff 06ffffff
ffff8805fe5f1b80 1419097525 S Ii:6:002:2 -115:1 64 <
ffff88073b955940 1419098947 S Co:6:002:0 s 21 09 0211 0001 0014 20 = 11ff0f1c 00100000 00000000 00000000 00000000
ffff88073b955940 1419100001 C Co:6:002:0 0 20 >
ffff8805fe5f1b80 1419102002 C Ii:6:002:2 0:1 20 = 11ff0f1c 0002ffff ff000000 00000000 00000000
ffff88080cc98280 1419102507 S Ii:6:002:2 -115:1 64 <
ffff88074439f280 1419103665 S Co:6:002:0 s 21 09 0211 0001 0014 20 = 11ff0f2c 00100000 00000000 00000000 00000000
ffff88074439f280 1419104001 C Co:6:002:0 0 20 >
ffff88080cc98280 1419106999 C Ii:6:002:2 0:1 64 = 12ff0f2c 00100000 013e007c 023e007c 00000000 00000000 00000000 00000000
ffff8807ef2dd7c0 1419107553 S Ii:6:002:2 -115:1 64 <
ffff8806ab6771c0 1419108812 S Co:6:002:0 s 21 09 0211 0001 0014 20 = 11ff0f0c 00000000 00000000 00000000 00000000
ffff8806ab6771c0 1419109000 C Co:6:002:0 0 20 >
ffff8807ef2dd7c0 1419112000 C Ii:6:002:2 0:1 20 = 11ff0f0c 00170000 01000000 00000000 00000000
ffff88074439f100 1419113223 S Ii:6:002:2 -115:1 64 <
ffff8807ef2dd4c0 1419114924 S Co:6:002:0 s 21 09 0211 0001 0014 20 = 11ff0f0c 00000000 00000000 00000000 00000000
ffff8807ef2dd4c0 1419116001 C Co:6:002:0 0 20 >
ffff88074439f100 1419118000 C Ii:6:002:2 0:1 20 = 11ff0f0c 00170000 01000000 00000000 00000000
ffff88074439f100 1419118498 S Ii:6:002:2 -115:1 64 <
ffff88080bab7700 1419120672 S Co:6:002:0 s 21 09 0211 0001 0014 20 = 11ff0f4c 00010000 00000000 00000000 00000000
ffff88080bab7700 1419121005 C Co:6:002:0 0 20 >
ffff88074439f100 1419125001 C Ii:6:002:2 0:1 20 = 11ff0f4c 00010000 00000000 00000000 00000000
ffff880809711f40 1419125596 S Ii:6:002:2 -115:1 64 <
ffff88080a3e5940 1419136042 S Co:6:002:0 s 21 09 0211 0001 0014 20 = 11ff0f4c 00040000 00000000 00000000 00000000
ffff88080a3e5940 1419136999 C Co:6:002:0 0 20 >
ffff880809711f40 1419138997 C Ii:6:002:2 0:1 20 = 11ff0f4c 00040000 00000000 00000000 00000000
ffff8807ef2dd700 1419139285 S Ii:6:002:2 -115:1 64 <
ffff8807ef2dddc0 1419141391 S Co:6:002:0 s 21 09 0211 0001 0014 20 = 11ff0f4c 00020100 00000000 00000000 00000000
ffff8807ef2dddc0 1419142000 C Co:6:002:0 0 20 >
ffff8807ef2dd700 1419144999 C Ii:6:002:2 0:1 20 = 11ff0f4c 00020100 00000000 00000000 00000000
ffff8807ef2dd700 1419145622 S Ii:6:002:2 -115:1 64 <
ffff8807ef2dddc0 1419146693 S Co:6:002:0 s 21 09 0211 0001 0014 20 = 11ff0f4c 00400000 00000000 00000000 00000000
ffff8807ef2dddc0 1419147004 C Co:6:002:0 0 20 >
ffff8807ef2dd700 1419149999 C Ii:6:002:2 0:1 20 = 11ff0f4c 00400000 00000000 00000000 00000000
ffff8807ef2dd700 1419150440 S Ii:6:002:2 -115:1 64 <
ffff880809711f40 1419151590 S Co:6:002:0 s 21 09 0211 0001 0014 20 = 11ff0f4c 00010000 00000000 00000000 00000000
ffff880809711f40 1419152002 C Co:6:002:0 0 20 >
ffff8807ef2dd700 1419156003 C Ii:6:002:2 0:1 20 = 11ff0f4c 00010000 00000000 00000000 00000000
ffff88080a3e5940 1419156521 S Ii:6:002:2 -115:1 64 <
ffff88074439f100 1419169164 S Co:6:002:0 s 21 09 0211 0001 0014 20 = 11ff0f4c 00040000 00000000 00000000 00000000
ffff88074439f100 1419170001 C Co:6:002:0 0 20 >
ffff88080a3e5940 1419172998 C Ii:6:002:2 0:1 20 = 11ff0f4c 00040000 00000000 00000000 00000000
ffff88080bab7700 1419173346 S Ii:6:002:2 -115:1 64 <
ffff88073b955940 1419174489 S Co:6:002:0 s 21 09 0211 0001 0014 20 = 11ff0f4c 00020100 00000000 00000000 00000000
ffff88073b955940 1419174999 C Co:6:002:0 0 20 >
ffff88080bab7700 1419177996 C Ii:6:002:2 0:1 20 = 11ff0f4c 00020100 00000000 00000000 00000000
ffff88073b955a00 1419178224 S Ii:6:002:2 -115:1 64 <
ffff8805f1c12ac0 1419183669 S Co:6:002:0 s 21 09 0211 0001 0014 20 = 11ff0f4c 00400000 00000000 00000000 00000000
ffff8805f1c12ac0 1419183999 C Co:6:002:0 0 20 >
ffff88073b955a00 1419186998 C Ii:6:002:2 0:1 20 = 11ff0f4c 00400000 00000000 00000000 00000000
ffff88080a2afc40 1419187351 S Ii:6:002:2 -115:1 64 <
ffff88073c943c40 1419188653 S Co:6:002:0 s 21 09 0211 0001 0014 20 = 11ff0f4c 00010000 00000000 00000000 00000000
ffff88073c943c40 1419188999 C Co:6:002:0 0 20 >
ffff88080a2afc40 1419192997 C Ii:6:002:2 0:1 20 = 11ff0f4c 00010000 00000000 00000000 00000000
ffff88073c943880 1419193681 S Ii:6:002:2 -115:1 64 <
ffff880600f1ba00 1419203839 S Co:6:002:0 s 21 09 0212 0001 0040 64 = 12ff0f3c 0001000e 12ff8000 15ff8000 14ff8000 17ff8000 16ff0000 e100ff00
ffff880600f1ba00 1419204996 C Co:6:002:0 0 64 >
ffff88073c943880 1419205995 C Ii:6:002:2 0:1 20 = 11ff0f3c 0001000e 00000000 00000000 00000000
ffff88073c943d00 1419206654 S Ii:6:002:2 -115:1 64 <
ffff880382a87b80 1419207802 S Co:6:002:0 s 21 09 0212 0001 0040 64 = 12ff0f3c 0001000e 6280f8a0 e700ff00 e600ff00 6500ff00 49ff8187 48bfff00
ffff880382a87b80 1419207995 C Co:6:002:0 0 64 >
ffff88073c943d00 1419209993 C Ii:6:002:2 0:1 20 = 11ff0f3c 0001000e 00000000 00000000 00000000
ffff880382a87100 1419210497 S Ii:6:002:2 -115:1 64 <
ffff880382a87a00 1419212546 S Co:6:002:0 s 21 09 0212 0001 0040 64 = 12ff0f3c 0001000e 43ff00bb 42ff00bb 45ff00bb 44ff00bb 47ffffff 4600c4ff
ffff880382a87a00 1419212996 C Co:6:002:0 0 64 >
ffff880382a87100 1419214994 C Ii:6:002:2 0:1 20 = 11ff0f3c 0001000e 00000000 00000000 00000000
ffff8807ef2dd4c0 1419215482 S Ii:6:002:2 -115:1 64 <
ffff8807ef2dd7c0 1419216542 S Co:6:002:0 s 21 09 0212 0001 0040 64 = 12ff0f3c 0001000e 510000ff 500000ff 5380f8a0 520000ff 5580f8a0 5480f8a0
ffff8807ef2dd7c0 1419216994 C Co:6:002:0 0 64 >
ffff8807ef2dd4c0 1419218996 C Ii:6:002:2 0:1 20 = 11ff0f3c 0001000e 00000000 00000000 00000000
ffff8806ab6771c0 1419219539 S Ii:6:002:2 -115:1 64 <
ffff8807ef2dd4c0 1419220650 S Co:6:002:0 s 21 09 0212 0001 0040 64 = 12ff0f3c 0001000e 2f00ffae 2e00ffae 21ffff00 20ffff00 23ffff00 22ffff00
ffff8807ef2dd4c0 1419220998 C Co:6:002:0 0 64 >
ffff8806ab6771c0 1419222994 C Ii:6:002:2 0:1 20 = 11ff0f3c 0001000e 00000000 00000000 00000000
ffff8806ab6771c0 1419223695 S Ii:6:002:2 -115:1 64 <
ffff8807ef2dd7c0 1419224801 S Co:6:002:0 s 21 09 0212 0001 0040 64 = 12ff0f3c 0001000e 3dff00bb 3cff00bb 3fff00bb 3eff00bb 3100ffae 3000ffae
ffff8807ef2dd7c0 1419224995 C Co:6:002:0 0 64 >
ffff8806ab6771c0 1419226994 C Ii:6:002:2 0:1 20 = 11ff0f3c 0001000e 00000000 00000000 00000000
ffff880600f1ba00 1419227479 S Ii:6:002:2 -115:1 64 <
ffff88080a2afc40 1419228537 S Co:6:002:0 s 21 09 0212 0001 0040 64 = 12ff0f3c 0001000e 0aff8000 0dff8000 0cff8000 0fff8000 0eff8000 05ff8000
ffff88080a2afc40 1419228995 C Co:6:002:0 0 64 >
ffff880600f1ba00 1419230994 C Ii:6:002:2 0:1 20 = 11ff0f3c 0001000e 00000000 00000000 00000000
ffff88073c943c40 1419231531 S Ii:6:002:2 -115:1 64 <
ffff88063f2b6640 1419232615 S Co:6:002:0 s 21 09 0212 0001 0040 64 = 12ff0f3c 00010006 1cff8000 1fffff00 1effff00 11ff8000 10ff8000 13ff8000
ffff88063f2b6640 1419232995 C Co:6:002:0 0 64 >
ffff88073c943c40 1419234995 C Ii:6:002:2 0:1 20 = 11ff0f3c 00010006 00000000 00000000 00000000
ffff88063f2b6b80 1419235583 S Ii:6:002:2 -115:1 64 <
ffff88069d784340 1419237251 S Co:6:002:0 s 21 09 0211 0001 0014 20 = 11ff0f4c 00100000 00000000 00000000 00000000
ffff88069d784340 1419237996 C Co:6:002:0 0 20 >
ffff88063f2b6b80 1419240999 C Ii:6:002:2 0:1 20 = 11ff0f4c 00100000 00000000 00000000 00000000
ffff88069d784700 1419241499 S Ii:6:002:2 -115:1 64 <
ffff880609c77880 1419242527 S Co:6:002:0 s 21 09 0211 0001 0014 20 = 11ff0f3c 00100002 013e007c 023e007c 00000000
ffff880609c77880 1419242995 C Co:6:002:0 0 20 >
ffff88069d784700 1419245993 C Ii:6:002:2 0:1 20 = 11ff0f3c 00100002 00000000 00000000 00000000
ffff880609c77c40 1419246425 S Ii:6:002:2 -115:1 64 <
ffff880609c77700 1419247415 S Co:6:002:0 s 21 09 0211 0001 0014 20 = 11ff0f4c 00040000 00000000 00000000 00000000
ffff880609c77700 1419247997 C Co:6:002:0 0 20 >
ffff880609c77c40 1419250995 C Ii:6:002:2 0:1 20 = 11ff0f4c 00040000 00000000 00000000 00000000
ffff880609c77940 1419251454 S Ii:6:002:2 -115:1 64 <
ffff880609c771c0 1419252534 S Co:6:002:0 s 21 09 0212 0001 0040 64 = 12ff0f3c 00040009 09ffffff 08ffffff 01ffffff 03ffffff 02ffffff 05ffffff
ffff880609c771c0 1419252996 C Co:6:002:0 0 64 >
ffff880609c77940 1419254995 C Ii:6:002:2 0:1 20 = 11ff0f3c 00040009 00000000 00000000 00000000
ffff8802f2458700 1419255575 S Ii:6:002:2 -115:1 64 <
ffff8802f2458880 1419256618 S Co:6:002:0 s 21 09 0211 0001 0014 20 = 11ff0f5c 00000000 00000000 00000000 00000000
ffff8802f2458880 1419256995 C Co:6:002:0 0 20 >
ffff8802f2458700 1419259996 C Ii:6:002:2 0:1 20 = 11ff0f5c 00000000 00000000 00000000 00000000
ffff8802f2458700 1419260452 S Ii:6:002:2 -115:1 64 <
ffff8802f2458880 1419261516 S Co:6:002:0 s 21 09 0211 0001 0014 20 = 11ff108c 01010000 00000000 00000000 00000000
ffff8802f2458880 1419261994 C Co:6:002:0 0 20 >
ffff8802f2458700 1419264993 C Ii:6:002:2 0:1 20 = 11ff108c 00000000 00000000 00000000 00000000
ffff880609c77940 1419265536 S Ii:6:002:2 -115:1 64 <
ffff8806ab677e80 1419271703 S Co:6:002:0 s 21 09 0211 0001 0014 20 = 11ff000c 45220000 00000000 00000000 00000000
ffff8806ab677e80 1419271994 C Co:6:002:0 0 20 >
ffff880609c77940 1419274994 C Ii:6:002:2 0:1 20 = 11ff000c 03000000 00000000 00000000 00000000
ffff8806ab677580 1419275502 S Ii:6:002:2 -115:1 64 <
ffff8806ab677d00 1419276564 S Co:6:002:0 s 21 09 0211 0001 0014 20 = 11ff033c 00000000 00000000 00000000 00000000
ffff8806ab677d00 1419276995 C Co:6:002:0 0 20 >
ffff8806ab677580 1419279994 C Ii:6:002:2 0:1 20 = 11ff033c 00000000 00000000 00000000 00000000
ffff8806ab677c40 1419280562 S Ii:6:002:2 -115:1 64 <
ffff8806ab677f40 1419282649 S Co:6:002:0 s 21 09 0211 0001 0014 20 = 11ff033c 00000000 00000000 00000000 00000000
ffff8806ab677f40 1419282994 C Co:6:002:0 0 20 >
ffff8806ab677c40 1419285993 C Ii:6:002:2 0:1 20 = 11ff033c 00000000 00000000 00000000 00000000
ffff8806ab677ac0 1419286470 S Ii:6:002:2 -115:1 64 <
ffff8806ab677940 1419288548 S Co:6:002:0 s 21 09 0211 0001 0014 20 = 11ff031c 00000000 00000000 00000000 00000000
ffff8806ab677940 1419288994 C Co:6:002:0 0 20 >
ffff8806ab677ac0 1419291993 C Ii:6:002:2 0:1 20 = 11ff031c 00000000 00000000 00000000 00000000
ffff8806ab677040 1419292576 S Ii:6:002:2 -115:1 64 <
ffff8806ab677100 1419293727 S Co:6:002:0 s 21 09 0211 0001 0014 20 = 11ff082c 01000000 00000000 00000000 00000000
ffff8806ab677100 1419293995 C Co:6:002:0 0 20 >
ffff8807b6b50a00 1419296995 C Ii:6:002:1 0:1 8 = 00000000 00000000
ffff8806ab677040 1419297003 C Ii:6:002:2 0:1 21 = 01000000 00000000 00000000 00000000 00000000 00
ffff8806ab677880 1419297324 S Ii:6:002:1 -115:1 8 <
ffff8806ab677b80 1419297334 S Ii:6:002:2 -115:1 64 <
ffff8806ab677b80 1419298995 C Ii:6:002:2 0:1 2 = 0200
ffff8806ab677b80 1419299490 S Ii:6:002:2 -115:1 64 <
ffff8806ab677b80 1419300996 C Ii:6:002:2 0:1 20 = 11ff0800 00000000 00000000 00000000 00000000
ffff8806ab677b80 1419301516 S Ii:6:002:2 -115:1 64 <
ffff8806ab677b80 1419302992 C Ii:6:002:2 0:1 20 = 11ff082c 01000000 00000000 00000000 00000000
ffff8806ab677b80 1419303540 S Ii:6:002:2 -115:1 64 <
ffff8806ab677b80 1419304994 C Ii:6:002:2 0:1 20 = 11ff0900 00000000 00000000 00000000 00000000
ffff8806ab677b80 1419305583 S Ii:6:002:2 -115:1 64 <
ffff8806ab677b80 1419306994 C Ii:6:002:2 0:1 20 = 11ff0a00 00000000 00000000 00000000 00000000
ffff8806ab677040 1419307543 S Ii:6:002:2 -115:1 64 <
ffff8807b6b50a00 1419309659 S Co:6:002:0 s 21 09 0211 0001 0014 20 = 11ff0f4c 00010000 00000000 00000000 00000000
ffff8807b6b50a00 1419309996 C Co:6:002:0 0 20 >
ffff8806ab677040 1419313992 C Ii:6:002:2 0:1 20 = 11ff0f4c 00010000 00000000 00000000 00000000
ffff8806ab677100 1419314547 S Ii:6:002:2 -115:1 64 <
ffff88080cc98280 1419327642 S Co:6:002:0 s 21 09 0211 0001 0014 20 = 11ff0f4c 00040000 00000000 00000000 00000000
ffff88080cc98280 1419327995 C Co:6:002:0 0 20 >
ffff8806ab677100 1419330992 C Ii:6:002:2 0:1 20 = 11ff0f4c 00040000 00000000 00000000 00000000
ffff88074439f280 1419331312 S Ii:6:002:2 -115:1 64 <
ffff8805fe5f1b80 1419332321 S Co:6:002:0 s 21 09 0211 0001 0014 20 = 11ff0f4c 00020100 00000000 00000000 00000000
ffff8805fe5f1b80 1419332994 C Co:6:002:0 0 20 >
ffff88074439f280 1419335994 C Ii:6:002:2 0:1 20 = 11ff0f4c 00020100 00000000 00000000 00000000
ffff88069b867280 1419336192 S Ii:6:002:2 -115:1 64 <
ffff88069b867580 1419337259 S Co:6:002:0 s 21 09 0211 0001 0014 20 = 11ff0f4c 00400000 00000000 00000000 00000000
ffff88069b867580 1419337994 C Co:6:002:0 0 20 >
ffff88069b867280 1419340992 C Ii:6:002:2 0:1 20 = 11ff0f4c 00400000 00000000 00000000 00000000
ffff88069b867640 1419341593 S Ii:6:002:2 -115:1 64 <
ffff88069b867d00 1419343898 S Co:6:002:0 s 21 09 0211 0001 0014 20 = 11ff0f4c 00010000 00000000 00000000 00000000
ffff88069b867d00 1419344993 C Co:6:002:0 0 20 >
ffff88069b867640 1419347992 C Ii:6:002:2 0:1 20 = 11ff0f4c 00010000 00000000 00000000 00000000
ffff88080da911c0 1419348511 S Ii:6:002:2 -115:1 64 <
ffff8806ab677d00 1419359463 S Co:6:002:0 s 21 09 0211 0001 0014 20 = 11ff0f4c 00040000 00000000 00000000 00000000
ffff8806ab677d00 1419360001 C Co:6:002:0 0 20 >
ffff88080da911c0 1419362993 C Ii:6:002:2 0:1 20 = 11ff0f4c 00040000 00000000 00000000 00000000
ffff8806ab677580 1419363601 S Ii:6:002:2 -115:1 64 <
ffff88073c943c40 1419364636 S Co:6:002:0 s 21 09 0211 0001 0014 20 = 11ff0f4c 00020100 00000000 00000000 00000000
ffff88073c943c40 1419364992 C Co:6:002:0 0 20 >
ffff8806ab677580 1419367991 C Ii:6:002:2 0:1 20 = 11ff0f4c 00020100 00000000 00000000 00000000
ffff88063f2b6640 1419368418 S Ii:6:002:2 -115:1 64 <
ffff880600f1ba00 1419369450 S Co:6:002:0 s 21 09 0211 0001 0014 20 = 11ff0f4c 00400000 00000000 00000000 00000000
ffff880600f1ba00 1419369994 C Co:6:002:0 0 20 >
ffff88063f2b6640 1419372992 C Ii:6:002:2 0:1 20 = 11ff0f4c 00400000 00000000 00000000 00000000
ffff88080a2afc40 1419373490 S Ii:6:002:2 -115:1 64 <
ffff8806ab6771c0 1419374582 S Co:6:002:0 s 21 09 0211 0001 0014 20 = 11ff0f4c 00010000 00000000 00000000 00000000
ffff8806ab6771c0 1419374994 C Co:6:002:0 0 20 >
ffff88080a2afc40 1419378992 C Ii:6:002:2 0:1 20 = 11ff0f4c 00010000 00000000 00000000 00000000
ffff8807ef2dd7c0 1419379463 S Ii:6:002:2 -115:1 64 <
ffff88080da91f40 1419391548 S Co:6:002:0 s 21 09 0212 0001 0040 64 = 12ff0f3c 0001000e 12ff8000 15ff8000 14ff8000 17ff8000 16ff0000 e100ff00
ffff88080da91f40 1419391993 C Co:6:002:0 0 64 >
ffff8807ef2dd7c0 1419393992 C Ii:6:002:2 0:1 20 = 11ff0f3c 0001000e 00000000 00000000 00000000
ffff8807c7a93400 1419394273 S Ii:6:002:2 -115:1 64 <
ffff880809640d00 1419395247 S Co:6:002:0 s 21 09 0212 0001 0040 64 = 12ff0f3c 0001000e 6280f8a0 e700ff00 e600ff00 6500ff00 49ff8187 48bfff00
ffff880809640d00 1419395993 C Co:6:002:0 0 64 >
ffff8807c7a93400 1419397990 C Ii:6:002:2 0:1 20 = 11ff0f3c 0001000e 00000000 00000000 00000000
ffff88080a2af4c0 1419398149 S Ii:6:002:2 -115:1 64 <
ffff8807c7a93dc0 1419399227 S Co:6:002:0 s 21 09 0212 0001 0040 64 = 12ff0f3c 0001000e 43ff00bb 42ff00bb 45ff00bb 44ff00bb 47ffffff 4600c4ff
ffff8807c7a93dc0 1419399993 C Co:6:002:0 0 64 >
ffff88080a2af4c0 1419401991 C Ii:6:002:2 0:1 20 = 11ff0f3c 0001000e 00000000 00000000 00000000
ffff88080a2af040 1419402411 S Ii:6:002:2 -115:1 64 <
ffff88080a2af880 1419403441 S Co:6:002:0 s 21 09 0212 0001 0040 64 = 12ff0f3c 0001000e 510000ff 500000ff 5380f8a0 520000ff 5580f8a0 5480f8a0
ffff88080a2af880 1419403992 C Co:6:002:0 0 64 >
ffff88080a2af040 1419405991 C Ii:6:002:2 0:1 20 = 11ff0f3c 0001000e 00000000 00000000 00000000
ffff8803675b4a00 1419406445 S Ii:6:002:2 -115:1 64 <
ffff8803675b44c0 1419407524 S Co:6:002:0 s 21 09 0212 0001 0040 64 = 12ff0f3c 0001000e 2f00ffae 2e00ffae 21ffff00 20ffff00 23ffff00 22ffff00
ffff8803675b44c0 1419407992 C Co:6:002:0 0 64 >
ffff8803675b4a00 1419409991 C Ii:6:002:2 0:1 20 = 11ff0f3c 0001000e 00000000 00000000 00000000
ffff8803675b4700 1419410577 S Ii:6:002:2 -115:1 64 <
ffff8803675b4280 1419411587 S Co:6:002:0 s 21 09 0212 0001 0040 64 = 12ff0f3c 0001000e 3dff00bb 3cff00bb 3fff00bb 3eff00bb 3100ffae 3000ffae
ffff8803675b4280 1419411992 C Co:6:002:0 0 64 >
ffff8803675b4700 1419413992 C Ii:6:002:2 0:1 20 = 11ff0f3c 0001000e 00000000 00000000 00000000
ffff8806ab677ac0 1419418211 S Ii:6:002:2 -115:1 64 <
ffff8806ab677940 1419419262 S Co:6:002:0 s 21 09 0212 0001 0040 64 = 12ff0f3c 0001000e 0aff8000 0dff8000 0cff8000 0fff8000 0eff8000 05ff8000
ffff8806ab677940 1419419997 C Co:6:002:0 0 64 >
ffff8806ab677ac0 1419421993 C Ii:6:002:2 0:1 20 = 11ff0f3c 0001000e 00000000 00000000 00000000
ffff8803675b4880 1419422195 S Ii:6:002:2 -115:1 64 <
ffff8803675b4340 1419423274 S Co:6:002:0 s 21 09 0212 0001 0040 64 = 12ff0f3c 00010006 1cff8000 1fffff00 1effff00 11ff8000 10ff8000 13ff8000
ffff8803675b4340 1419423992 C Co:6:002:0 0 64 >
ffff8803675b4880 1419425991 C Ii:6:002:2 0:1 20 = 11ff0f3c 00010006 00000000 00000000 00000000
ffff8803675b4b80 1419426417 S Ii:6:002:2 -115:1 64 <
ffff8803675b4640 1419427508 S Co:6:002:0 s 21 09 0211 0001 0014 20 = 11ff0f4c 00100000 00000000 00000000 00000000
ffff8803675b4640 1419427991 C Co:6:002:0 0 20 >
ffff8803675b4b80 1419430991 C Ii:6:002:2 0:1 20 = 11ff0f4c 00100000 00000000 00000000 00000000
ffff8806ab677c40 1419431632 S Ii:6:002:2 -115:1 64 <
ffff8806ab677f40 1419433029 S Co:6:002:0 s 21 09 0211 0001 0014 20 = 11ff0f3c 00100002 013e007c 023e007c 00000000
ffff8806ab677f40 1419433992 C Co:6:002:0 0 20 >
ffff8806ab677c40 1419435991 C Ii:6:002:2 0:1 20 = 11ff0f3c 00100002 00000000 00000000 00000000
ffff8802f2458a00 1419436691 S Ii:6:002:2 -115:1 64 <
ffff8802f24584c0 1419438623 S Co:6:002:0 s 21 09 0211 0001 0014 20 = 11ff0f4c 00040000 00000000 00000000 00000000
ffff8802f24584c0 1419438991 C Co:6:002:0 0 20 >
ffff8802f2458a00 1419441990 C Ii:6:002:2 0:1 20 = 11ff0f4c 00040000 00000000 00000000 00000000
ffff88080b15fc40 1419442570 S Ii:6:002:2 -115:1 64 <
ffff88080b15f7c0 1419446664 S Co:6:002:0 s 21 09 0212 0001 0040 64 = 12ff0f3c 00040009 09ffffff 08ffffff 01ffffff 03ffffff 02ffffff 05ffffff
ffff88080b15f7c0 1419446991 C Co:6:002:0 0 64 >
ffff88080b15fc40 1419448990 C Ii:6:002:2 0:1 20 = 11ff0f3c 00040009 00000000 00000000 00000000
ffff8805feabe040 1419449571 S Ii:6:002:2 -115:1 64 <
ffff8805feabed00 1419450721 S Co:6:002:0 s 21 09 0211 0001 0014 20 = 11ff0f5c 00000000 00000000 00000000 00000000
ffff8805feabed00 1419450991 C Co:6:002:0 0 20 >
ffff8805feabe040 1419453993 C Ii:6:002:2 0:1 20 = 11ff0f5c 00000000 00000000 00000000 00000000
ffff88080a67fac0 1419454444 S Ii:6:002:2 -115:1 64 <
ffff880809fd0b80 1419455608 S Co:6:002:0 s 21 09 0211 0001 0014 20 = 11ff108c 01010000 00000000 00000000 00000000
ffff880809fd0b80 1419455995 C Co:6:002:0 0 20 >
ffff88080a67fac0 1419458990 C Ii:6:002:2 0:1 20 = 11ff108c 00000000 00000000 00000000 00000000
ffff88080a67f700 1419459574 S Ii:6:002:2 -115:1 64 <
ffff8807ef2dd4c0 1420615341 S Co:6:002:0 s 21 09 0211 0001 0014 20 = 11ff0f4c 00010000 00000000 00000000 00000000
ffff8807ef2dd4c0 1420615976 C Co:6:002:0 0 20 >
ffff88080a67f700 1420619974 C Ii:6:002:2 0:1 20 = 11ff0f4c 00010000 00000000 00000000 00000000
ffff88080a67f700 1420620221 S Ii:6:002:2 -115:1 64 <
ffff8802f2458d00 1420638824 S Co:6:002:0 s 21 09 0211 0001 0014 20 = 11ff0f4c 00040000 00000000 00000000 00000000
ffff8802f2458d00 1420639977 C Co:6:002:0 0 20 >
ffff88080a67f700 1420641974 C Ii:6:002:2 0:1 20 = 11ff0f4c 00040000 00000000 00000000 00000000
ffff8806ab677400 1420642165 S Ii:6:002:2 -115:1 64 <
ffff8807c7a93640 1420644323 S Co:6:002:0 s 21 09 0211 0001 0014 20 = 11ff0f4c 00020100 00000000 00000000 00000000
ffff8807c7a93640 1420644976 C Co:6:002:0 0 20 >
ffff8806ab677400 1420647973 C Ii:6:002:2 0:1 20 = 11ff0f4c 00020100 00000000 00000000 00000000
ffff8802f2458b80 1420648174 S Ii:6:002:2 -115:1 64 <
ffff8802f2458e80 1420649291 S Co:6:002:0 s 21 09 0211 0001 0014 20 = 11ff0f4c 00400000 00000000 00000000 00000000
ffff8802f2458e80 1420649974 C Co:6:002:0 0 20 >
ffff8802f2458b80 1420652970 C Ii:6:002:2 0:1 20 = 11ff0f4c 00400000 00000000 00000000 00000000
ffff8802f2458100 1420653186 S Ii:6:002:2 -115:1 64 <
ffff880609c77100 1420654254 S Co:6:002:0 s 21 09 0211 0001 0014 20 = 11ff0f4c 00010000 00000000 00000000 00000000
ffff880609c77100 1420654973 C Co:6:002:0 0 20 >
ffff8802f2458100 1420658973 C Ii:6:002:2 0:1 20 = 11ff0f4c 00010000 00000000 00000000 00000000
ffff8802f2458940 1420659210 S Ii:6:002:2 -115:1 64 <
ffff880382a87100 1420671554 S Co:6:002:0 s 21 09 0212 0001 0040 64 = 12ff0f3c 0001000e 12ff8000 15ff8000 14ff8000 17ff8000 16ff0000 e100ff00
ffff880382a87100 1420671973 C Co:6:002:0 0 64 >
ffff8802f2458940 1420673972 C Ii:6:002:2 0:1 20 = 11ff0f3c 0001000e 00000000 00000000 00000000
ffff8806ab677580 1420674276 S Ii:6:002:2 -115:1 64 <
ffff88073c943c40 1420675283 S Co:6:002:0 s 21 09 0212 0001 0040 64 = 12ff0f3c 0001000e 6280f8a0 e700ff00 e600ff00 6500ff00 49ff8187 48bfff00
ffff88073c943c40 1420675973 C Co:6:002:0 0 64 >
ffff8806ab677580 1420677972 C Ii:6:002:2 0:1 20 = 11ff0f3c 0001000e 00000000 00000000 00000000
ffff88080da911c0 1420678475 S Ii:6:002:2 -115:1 64 <
ffff8806ab677d00 1420679496 S Co:6:002:0 s 21 09 0212 0001 0040 64 = 12ff0f3c 0001000e 43ff00bb 42ff00bb 45ff00bb 44ff00bb 47ffffff 4600c4ff
ffff8806ab677d00 1420679974 C Co:6:002:0 0 64 >
ffff88080da911c0 1420681972 C Ii:6:002:2 0:1 20 = 11ff0f3c 0001000e 00000000 00000000 00000000
ffff8802f24581c0 1420682271 S Ii:6:002:2 -115:1 64 <
ffff8802f2458dc0 1420685530 S Co:6:002:0 s 21 09 0212 0001 0040 64 = 12ff0f3c 0001000e 510000ff 500000ff 5380f8a0 520000ff 5580f8a0 5480f8a0
ffff8802f2458dc0 1420685973 C Co:6:002:0 0 64 >
ffff8802f24581c0 1420687971 C Ii:6:002:2 0:1 20 = 11ff0f3c 0001000e 00000000 00000000 00000000
ffff8802f2458c40 1420688125 S Ii:6:002:2 -115:1 64 <
ffff8802f2458640 1420689197 S Co:6:002:0 s 21 09 0212 0001 0040 64 = 12ff0f3c 0001000e 2f00ffae 2e00ffae 21ffff00 20ffff00 23ffff00 22ffff00
ffff8802f2458640 1420689973 C Co:6:002:0 0 64 >
ffff8802f2458c40 1420691972 C Ii:6:002:2 0:1 20 = 11ff0f3c 0001000e 00000000 00000000 00000000
ffff8802f2458280 1420692166 S Ii:6:002:2 -115:1 64 <
ffff880366cb6100 1420693193 S Co:6:002:0 s 21 09 0212 0001 0040 64 = 12ff0f3c 0001000e 3dff00bb 3cff00bb 3fff00bb 3eff00bb 3100ffae 3000ffae
ffff880366cb6100 1420693970 C Co:6:002:0 0 64 >
ffff8802f2458280 1420695971 C Ii:6:002:2 0:1 20 = 11ff0f3c 0001000e 00000000 00000000 00000000
ffff880366cb6280 1420696902 S Ii:6:002:2 -115:1 64 <
ffff880366cb67c0 1420698166 S Co:6:002:0 s 21 09 0212 0001 0040 64 = 12ff0f3c 0001000e 0aff8000 0dff8000 0cff8000 0fff8000 0eff8000 05ff8000
ffff880366cb67c0 1420698973 C Co:6:002:0 0 64 >
ffff880366cb6280 1420700972 C Ii:6:002:2 0:1 20 = 11ff0f3c 0001000e 00000000 00000000 00000000
ffff880366cb6a00 1420701152 S Ii:6:002:2 -115:1 64 <
ffff880641a41e80 1420703269 S Co:6:002:0 s 21 09 0212 0001 0040 64 = 12ff0f3c 00010006 1cff8000 1fffff00 1effff00 11ff8000 10ff8000 13ff8000
ffff880641a41e80 1420703974 C Co:6:002:0 0 64 >
ffff880366cb6a00 1420705969 C Ii:6:002:2 0:1 20 = 11ff0f3c 00010006 00000000 00000000 00000000
ffff880366cb61c0 1420706159 S Ii:6:002:2 -115:1 64 <
ffff880366cb6d00 1420707340 S Co:6:002:0 s 21 09 0211 0001 0014 20 = 11ff0f4c 00100000 00000000 00000000 00000000
ffff880366cb6d00 1420707974 C Co:6:002:0 0 20 >
ffff880366cb61c0 1420710971 C Ii:6:002:2 0:1 20 = 11ff0f4c 00100000 00000000 00000000 00000000
ffff880366cb6c40 1420711142 S Ii:6:002:2 -115:1 64 <
ffff880609c77940 1420712232 S Co:6:002:0 s 21 09 0211 0001 0014 20 = 11ff0f3c 00100002 013e007c 023e007c 00000000
ffff880609c77940 1420712974 C Co:6:002:0 0 20 >
ffff880366cb6c40 1420715970 C Ii:6:002:2 0:1 20 = 11ff0f3c 00100002 00000000 00000000 00000000
ffff880382a87a00 1420717982 S Ii:6:002:2 -115:1 64 <
ffff88073c943d00 1420720869 S Co:6:002:0 s 21 09 0211 0001 0014 20 = 11ff0f4c 00040000 00000000 00000000 00000000
ffff88073c943d00 1420721971 C Co:6:002:0 0 20 >
ffff880382a87a00 1420723972 C Ii:6:002:2 0:1 20 = 11ff0f4c 00040000 00000000 00000000 00000000
ffff880366cb6dc0 1420728474 S Ii:6:002:2 -115:1 64 <
ffff880366cb6580 1420739824 S Co:6:002:0 s 21 09 0212 0001 0040 64 = 12ff0f3c 00040009 09ffffff 08ffffff 01ffffff 03ffffff 02ffffff 05ffffff
ffff880366cb6580 1420740974 C Co:6:002:0 0 64 >
ffff880366cb6dc0 1420741970 C Ii:6:002:2 0:1 20 = 11ff0f3c 00040009 00000000 00000000 00000000
ffff880366cb6dc0 1420742298 S Ii:6:002:2 -115:1 64 <
ffff8806ab677640 1420743925 S Co:6:002:0 s 21 09 0211 0001 0014 20 = 11ff0f5c 00000000 00000000 00000000 00000000
ffff8806ab677640 1420744971 C Co:6:002:0 0 20 >
ffff880366cb6dc0 1420746969 C Ii:6:002:2 0:1 20 = 11ff0f5c 00000000 00000000 00000000 00000000
ffff880366cb6580 1420747143 S Ii:6:002:2 -115:1 64 <
