ffff8806ab677940 2312983692 C Ii:6:002:2 0:1 20 = 11ff0f3e 00040009 00000000 00000000 00000000
ffff880531565340 2312984049 S Ii:6:002:2 -115:1 64 <
ffff8807c1c95940 2312985170 S Co:6:002:0 s 21 09 0211 0001 0014 20 = 11ff0f4e 00010000 00000000 00000000 00000000
ffff8807c1c95940 2312985694 C Co:6:002:0 0 20 >
ffff880531565340 2312989691 C Ii:6:002:2 0:1 20 = 11ff0f4e 00010000 00000000 00000000 00000000
ffff88060090a400 2312990024 S Ii:6:002:2 -115:1 64 <
ffff880531565340 2313004220 S Co:6:002:0 s 21 09 0212 0001 0040 64 = 12ff0f3e 0001000e 4dea00ff 4cff8187 4f0000ff 4eff0000 41ff00bb 40ff00bb
ffff880531565340 2313004692 C Co:6:002:0 0 64 >
ffff88060090a400 2313006691 C Ii:6:002:2 0:1 20 = 11ff0f3e 0001000e 00000000 00000000 00000000
ffff8805315657c0 2313006934 S Ii:6:002:2 -115:1 64 <
ffff880531565ac0 2313008107 S Co:6:002:0 s 21 09 0212 0001 0040 64 = 12ff0f3e 0001000e 5b80f8a0 5a80f8a0 5d80f8a0 5c80f8a0 5f80f8a0 5e80f8a0
ffff880531565ac0 2313008692 C Co:6:002:0 0 64 >
ffff8805315657c0 2313010694 C Ii:6:002:2 0:1 20 = 11ff0f3e 0001000e 00000000 00000000 00000000
ffff88060090a400 2313010879 S Ii:6:002:2 -115:1 64 <
ffff880531565340 2313011989 S Co:6:002:0 s 21 09 0212 0001 0040 64 = 12ff0f3e 0001000e 6180f8a0 6080f8a0 6380f8a0 e100ff00 6280f8a0 6500ff00
ffff880531565340 2313012693 C Co:6:002:0 0 64 >
ffff88060090a400 2313014691 C Ii:6:002:2 0:1 20 = 11ff0f3e 0001000e 00000000 00000000 00000000
ffff8806ab677940 2313014852 S Ii:6:002:2 -115:1 64 <
ffff8806ab677400 2313015934 S Co:6:002:0 s 21 09 0212 0001 0040 64 = 12ff0f3e 0001000e 08ff8000 0bff8000 0aff8000 0dff8000 0cff8000 0fff8000
ffff8806ab677400 2313016692 C Co:6:002:0 0 64 >
ffff8806ab677940 2313018692 C Ii:6:002:2 0:1 20 = 11ff0f3e 0001000e 00000000 00000000 00000000
ffff8803a02ef940 2313018858 S Ii:6:002:2 -115:1 64 <
ffff8806ab677ac0 2313020999 S Co:6:002:0 s 21 09 0212 0001 0040 64 = 12ff0f3e 0001000e 1aff0000 1dff8000 1cff8000 1fffff00 1effff00 11ff8000
ffff8806ab677ac0 2313021692 C Co:6:002:0 0 64 >
ffff8803a02ef940 2313023690 C Ii:6:002:2 0:1 20 = 11ff0f3e 0001000e 00000000 00000000 00000000
ffff88080da91f40 2313023857 S Ii:6:002:2 -115:1 64 <
ffff8803a02efac0 2313024992 S Co:6:002:0 s 21 09 0212 0001 0040 64 = 12ff0f3e 0001000e 28aa00ff 2baa00ff 2aaa00ff 2d00ffae 2caa00ff 2f00ffae
ffff8803a02efac0 2313025692 C Co:6:002:0 0 64 >
ffff88080da91f40 2313027691 C Ii:6:002:2 0:1 20 = 11ff0f3e 0001000e 00000000 00000000 00000000
ffff880647d6b100 2313027942 S Ii:6:002:2 -115:1 64 <
ffff8807c1c95940 2313029876 S Co:6:002:0 s 21 09 0212 0001 0040 64 = 12ff0f3e 0001000e 26ffff00 3900ff00 3800ffae 3bff00bb 3aff00bb 3dff00bb
ffff8807c1c95940 2313030692 C Co:6:002:0 0 64 >
ffff880647d6b100 2313032691 C Ii:6:002:2 0:1 20 = 11ff0f3e 0001000e 00000000 00000000 00000000
ffff8806ab677880 2313033320 S Ii:6:002:2 -115:1 64 <
ffff880809711f40 2313035202 S Co:6:002:0 s 21 09 0212 0001 0040 64 = 12ff0f3e 00010006 3700ffae 3600ffae 49ff8187 48bfff00 4bff0000 4aea00ff
ffff880809711f40 2313035696 C Co:6:002:0 0 64 >
ffff8806ab677880 2313037691 C Ii:6:002:2 0:1 20 = 11ff0f3e 00010006 00000000 00000000 00000000
ffff8807ef2dd400 2313037872 S Ii:6:002:2 -115:1 64 <
ffff8807ef2dd4c0 2313039021 S Co:6:002:0 s 21 09 0211 0001 0014 20 = 11ff0f4e 00100000 00000000 00000000 00000000
ffff8807ef2dd4c0 2313039692 C Co:6:002:0 0 20 >
ffff8807ef2dd400 2313042690 C Ii:6:002:2 0:1 20 = 11ff0f4e 00100000 00000000 00000000 00000000
ffff8807ef2dd700 2313042875 S Ii:6:002:2 -115:1 64 <
ffff8807ef2dd580 2313043971 S Co:6:002:0 s 21 09 0211 0001 0014 20 = 11ff0f3e 00100002 023e007c 013e007c 00000000
ffff8807ef2dd580 2313044694 C Co:6:002:0 0 20 >
ffff8807ef2dd700 2313047691 C Ii:6:002:2 0:1 20 = 11ff0f3e 00100002 00000000 00000000 00000000
ffff8807ef2dd880 2313047929 S Ii:6:002:2 -115:1 64 <
ffff8807ef2dd040 2313049199 S Co:6:002:0 s 21 09 0211 0001 0014 20 = 11ff0f5e 00000000 00000000 00000000 00000000
ffff8807ef2dd040 2313049691 C Co:6:002:0 0 20 >
ffff8807ef2dd880 2313051690 C Ii:6:002:2 0:1 20 = 11ff0900 00000000 00000000 00000000 00000000
ffff8807ef2ddac0 2313051929 S Ii:6:002:2 -115:1 64 <
ffff8807ef2ddac0 2313053690 C Ii:6:002:2 0:1 20 = 11ff0f5e 00000000 00000000 00000000 00000000
ffff8807ef2ddb80 2313054067 S Ii:6:002:2 -115:1 64 <
ffff8807ef2dd880 2313058906 S Co:6:002:0 s 21 09 0211 0001 0014 20 = 11ff091e 04000000 00000000 00000000 00000000
ffff8807ef2dd880 2313059693 C Co:6:002:0 0 20 >
ffff8807ef2ddb80 2313062690 C Ii:6:002:2 0:1 20 = 11ff091e 04000000 00000000 00000000 00000000
ffff8807ef2dd040 2313062957 S Ii:6:002:2 -115:1 64 <
ffff8807ef2ddb80 2313065076 S Co:6:002:0 s 21 09 0211 0001 0014 20 = 11ff091e 04000000 00000000 00000000 00000000
ffff8807ef2ddb80 2313065692 C Co:6:002:0 0 20 >
ffff8807ef2dd040 2313068691 C Ii:6:002:2 0:1 20 = 11ff091e 04000000 00000000 00000000 00000000
ffff8807ef2dd880 2313069815 S Ii:6:002:2 -115:1 64 <
ffff8807ef2dd880 2314605681 C Ii:6:002:2 0:1 20 = 11ff0a00 01000000 00000000 00000000 00000000
ffff8807ef2dd880 2314605887 S Ii:6:002:2 -115:1 64 <
ffff8807ef2ddac0 2314608216 S Co:6:002:0 s 21 09 0211 0001 0014 20 = 11ff091e 04000000 00000000 00000000 00000000
ffff8807ef2ddac0 2314608667 C Co:6:002:0 0 20 >
ffff8807ef2dd880 2314611666 C Ii:6:002:2 0:1 20 = 11ff091e 04000000 00000000 00000000 00000000
ffff8807ed280c40 2314611851 S Ii:6:002:2 -115:1 64 <
ffff8800b4ede340 2314612900 S Co:6:002:0 s 21 09 0211 0001 0014 20 = 11ff0a0e 01000000 00000000 00000000 00000000
ffff8800b4ede340 2314613664 C Co:6:002:0 0 20 >
ffff8807ed280c40 2314616665 C Ii:6:002:2 0:1 20 = 11ff0a0e 01000000 00000000 00000000 00000000
ffff8807ed280d00 2314616808 S Ii:6:002:2 -115:1 64 <
ffff88080a3e5940 2314618038 S Co:6:002:0 s 21 09 0211 0001 0014 20 = 11ff0a0e 01000000 00000000 00000000 00000000
ffff88080a3e5940 2314618664 C Co:6:002:0 0 20 >
ffff8807ed280d00 2314621665 C Ii:6:002:2 0:1 20 = 11ff0a0e 01000000 00000000 00000000 00000000
ffff8807ed280d00 2314621980 S Ii:6:002:2 -115:1 64 <
ffff8807ed280d00 2314756668 C Ii:6:002:2 0:1 20 = 11ff0a00 00000000 00000000 00000000 00000000
ffff8807ed280d00 2314757005 S Ii:6:002:2 -115:1 64 <
